{
  "RSpec": {
    "coverage": {
      "/Users/moe/code/akero/lib/akero.rb": [
        null,
        null,
        null,
        null,
        null,
        null,
        null,
        null,
        null,
        null,
        null,
        null,
        null,
        null,
        null,
        null,
        null,
        null,
        null,
        null,
        null,
        null,
        null,
        null,
        1,
        null,
        1,
        1,
        null,
        null,
        null,
        null,
        null,
        null,
        1,
        null,
        1,
        null,
        1,
        null,
        1,
        null,
        null,
        1,
        9,
        9,
        9,
        null,
        null,
        null,
        1,
        1,
        null,
        null,
        null,
        null,
        1,
        3,
        null,
        null,
        null,
        null,
        1,
        2,
        null,
        null,
        null,
        null,
        null,
        1,
        1,
        1,
        1,
        1,
        1,
        1,
        1,
        1,
        1,
        1,
        null,
        1,
        1,
        1,
        1,
        1,
        null,
        1,
        1,
        null,
        null,
        null,
        null,
        1,
        19,
        null,
        null,
        null,
        null,
        null,
        null,
        null,
        null,
        null,
        null,
        null,
        null,
        null,
        null,
        null,
        null,
        1,
        60,
        null,
        null,
        null,
        null,
        null,
        null,
        null,
        null,
        null,
        1,
        2,
        2,
        1,
        null,
        1,
        1,
        1,
        1,
        1,
        null,
        null,
        null,
        null,
        null,
        null,
        null,
        null,
        1,
        27,
        null,
        null,
        null,
        null,
        null,
        null,
        null,
        null,
        null,
        null,
        null,
        null,
        null,
        1,
        null,
        null,
        4,
        4,
        4,
        4,
        4,
        4,
        null,
        null,
        null,
        null,
        null,
        null,
        null,
        1,
        6,
        6,
        null,
        null,
        null,
        null,
        null,
        null,
        null,
        null,
        null,
        null,
        null,
        null,
        null,
        null,
        null,
        null,
        null,
        null,
        null,
        null,
        null,
        null,
        1,
        13,
        13,
        23,
        null,
        21,
        21,
        null,
        2,
        null,
        null,
        2,
        null,
        null,
        9,
        7,
        null,
        null,
        null,
        null,
        null,
        null,
        1,
        19,
        11,
        null,
        19,
        19,
        null,
        2,
        null,
        null,
        15,
        null,
        null,
        5,
        null,
        null,
        8,
        6,
        4,
        4,
        null,
        2,
        null,
        null,
        null,
        1,
        3,
        null,
        null,
        null,
        1,
        1,
        null,
        null,
        null,
        2,
        null,
        null,
        null,
        null,
        null,
        null,
        null,
        null,
        null,
        1,
        74,
        74,
        null,
        null,
        null,
        null,
        null,
        1,
        23,
        44,
        null,
        1,
        null,
        null,
        null,
        1,
        null,
        1,
        8,
        null,
        2,
        null,
        null,
        1,
        9,
        9,
        null,
        null,
        1,
        26,
        26,
        null,
        15,
        null,
        9,
        null,
        2,
        null,
        24,
        24,
        null,
        null,
        1,
        26,
        24,
        null,
        24,
        18,
        2,
        null,
        null,
        16,
        null,
        null,
        22,
        3,
        null,
        null,
        19,
        null,
        null,
        null,
        null,
        null,
        null,
        null,
        1,
        61,
        61,
        null,
        61,
        61,
        61,
        61,
        61,
        61,
        61,
        null,
        61,
        61,
        null,
        61,
        61,
        61,
        null,
        null,
        null,
        61,
        null,
        61,
        61,
        61,
        null,
        null
      ]
    },
    "timestamp": 1465614139
  }
}
